-------------------------------------------------------------------------------
Test set: com.kaisagroup.baoxian.ApplicationTests
-------------------------------------------------------------------------------
Tests run: 1, Failures: 0, Errors: 1, Skipped: 0, Time elapsed: 0.255 s <<< FAILURE! - in com.kaisagroup.baoxian.ApplicationTests
initializationError(com.kaisagroup.baoxian.ApplicationTests)  Time elapsed: 0.005 s  <<< ERROR!
java.lang.Exception: No runnable methods

